<?xml version="1.0" encoding="UTF-8"?>
<testng-results ignored="0" total="1" passed="1" failed="0" skipped="0">
  <reporter-output>
  </reporter-output>
  <suite started-at="2024-12-08T21:53:25 IST" name="Guru Bank Suite" finished-at="2024-12-08T21:53:35 IST" duration-ms="10903">
    <groups>
    </groups>
    <test started-at="2024-12-08T21:53:25 IST" name="D:/Automation Practice/GuruBankV1" finished-at="2024-12-08T21:53:35 IST" duration-ms="10903">
      <class name="testCases.AddCustomer_Test">
        <test-method is-config="true" signature="setUp()[pri:0, instance:testCases.AddCustomer_Test@53f0a4cb]" started-at="2024-12-08T21:53:25 IST" name="setUp" finished-at="2024-12-08T21:53:31 IST" duration-ms="6206" status="PASS">
          <reporter-output>
          </reporter-output>
        </test-method> <!-- setUp -->
        <test-method signature="addCustomer()[pri:0, instance:testCases.AddCustomer_Test@53f0a4cb]" started-at="2024-12-08T21:53:31 IST" name="addCustomer" finished-at="2024-12-08T21:53:35 IST" duration-ms="4340" status="PASS">
          <reporter-output>
          </reporter-output>
        </test-method> <!-- addCustomer -->
        <test-method is-config="true" signature="tearDown()[pri:0, instance:testCases.AddCustomer_Test@53f0a4cb]" started-at="2024-12-08T21:53:35 IST" name="tearDown" finished-at="2024-12-08T21:53:35 IST" duration-ms="4" status="PASS">
          <reporter-output>
          </reporter-output>
        </test-method> <!-- tearDown -->
      </class> <!-- testCases.AddCustomer_Test -->
    </test> <!-- D:/Automation Practice/GuruBankV1 -->
  </suite> <!-- Guru Bank Suite -->
</testng-results>
